2025-08-25 06:49:54,615 - bot_runner - INFO - Debug logging started: D:\jokes\debug_logs\bot_startup_20250825_064954.log - [run_bot.py:42]
2025-08-25 06:49:54,616 - thread_monitor - DEBUG - Active threads (2): MainThread (daemon=False, alive=True), ThreadMonitor (daemon=True, alive=True) - [run_bot.py:57]
2025-08-25 06:49:54,616 - thread_monitor - WARNING - Non-daemon threads preventing exit: ['MainThread'] - [run_bot.py:62]
2025-08-25 06:49:54,616 - bot_runner - INFO - ================================================================================ - [run_bot.py:257]
2025-08-25 06:49:54,616 - bot_runner - INFO - SOCIAL MEDIA BOT - DEBUG STARTUP - [run_bot.py:258]
2025-08-25 06:49:54,616 - bot_runner - INFO - ================================================================================ - [run_bot.py:259]
2025-08-25 06:49:54,617 - bot_runner - INFO - Python: 3.13.7 (tags/v3.13.7:bcee1c3, Aug 14 2025, 14:15:11) [MSC v.1944 64 bit (AMD64)] - [run_bot.py:260]
2025-08-25 06:49:54,617 - bot_runner - INFO - Working directory: D:\jokes - [run_bot.py:261]
2025-08-25 06:49:54,617 - bot_runner - INFO - Arguments: ['run_bot.py'] - [run_bot.py:262]
2025-08-25 06:49:54,617 - bot_runner - INFO - Phase 1: Testing individual components... - [run_bot.py:266]
2025-08-25 06:49:54,617 - component_tester - INFO - Testing individual components... - [run_bot.py:115]
2025-08-25 06:49:54,617 - component_tester - INFO - Testing basic imports... - [run_bot.py:119]
2025-08-25 06:49:54,643 - component_tester - INFO - ✓ ConfigManager import OK - [run_bot.py:121]
2025-08-25 06:49:54,819 - component_tester - INFO - ✓ Scheduler import OK - [run_bot.py:124]
2025-08-25 06:49:54,820 - component_tester - INFO - ✓ Monitoring import OK - [run_bot.py:127]
2025-08-25 06:49:54,820 - component_tester - INFO - All imports successful - [run_bot.py:129]
2025-08-25 06:49:54,820 - component_tester - INFO - Testing config loading... - [run_bot.py:138]
2025-08-25 06:49:54,820 - component_tester - INFO - Config manager created, loading configs... - [run_bot.py:141]
2025-08-25 06:49:54,821 - component_tester - INFO - ✓ Config loading OK - [run_bot.py:144]
2025-08-25 06:49:54,821 - component_tester - INFO - Testing component initialization with timeout... - [run_bot.py:152]
2025-08-25 06:49:54,822 - component_tester - INFO - Initializing scheduler... - [run_bot.py:155]
2025-08-25 06:50:24,616 - thread_monitor - DEBUG - Active threads (5): MainThread (daemon=False, alive=True), ThreadMonitor (daemon=True, alive=True), MainFunction (daemon=True, alive=True), Thread-1 (_process_metrics) (daemon=True, alive=True), Thread-2 (_date_marker_loop) (daemon=True, alive=True) - [run_bot.py:57]
2025-08-25 06:50:24,617 - thread_monitor - WARNING - Non-daemon threads preventing exit: ['MainThread'] - [run_bot.py:62]
2025-08-25 06:50:24,822 - timeout_runner - ERROR - Function timed out after 30 seconds! - [run_bot.py:102]
2025-08-25 06:50:24,822 - timeout_runner - ERROR - Function is still running - possible hang detected - [run_bot.py:103]
2025-08-25 06:50:24,822 - component_tester - ERROR - SCHEDULER INITIALIZATION TIMED OUT - This is likely the hang source! - [run_bot.py:169]
2025-08-25 06:50:24,822 - bot_runner - ERROR - ❌ Component tests failed - startup aborted - [run_bot.py:268]
2025-08-25 06:50:24,823 - bot_runner - INFO - Debug startup session ended - [run_bot.py:299]
2025-08-25 06:50:54,617 - thread_monitor - DEBUG - Active threads (5): MainThread (daemon=False, alive=False), ThreadMonitor (daemon=True, alive=True), MainFunction (daemon=True, alive=True), Thread-1 (_process_metrics) (daemon=True, alive=True), Thread-2 (_date_marker_loop) (daemon=True, alive=True) - [run_bot.py:57]
2025-08-25 06:50:54,617 - thread_monitor - WARNING - Non-daemon threads preventing exit: ['MainThread'] - [run_bot.py:62]
2025-08-25 06:51:24,618 - thread_monitor - DEBUG - Active threads (5): MainThread (daemon=False, alive=False), ThreadMonitor (daemon=True, alive=True), MainFunction (daemon=True, alive=True), Thread-1 (_process_metrics) (daemon=True, alive=True), Thread-2 (_date_marker_loop) (daemon=True, alive=True) - [run_bot.py:57]
2025-08-25 06:51:24,618 - thread_monitor - WARNING - Non-daemon threads preventing exit: ['MainThread'] - [run_bot.py:62]
