2025-08-25 06:55:26,363 - bot_runner - INFO - Debug logging started: D:\jokes\debug_logs\bot_startup_20250825_065526.log - [run_bot.py:42]
2025-08-25 06:55:26,364 - thread_monitor - DEBUG - Active threads (2): MainThread (daemon=False, alive=True), ThreadMonitor (daemon=True, alive=True) - [run_bot.py:57]
2025-08-25 06:55:26,364 - bot_runner - INFO - ================================================================================ - [run_bot.py:257]
2025-08-25 06:55:26,364 - thread_monitor - WARNING - Non-daemon threads preventing exit: ['MainThread'] - [run_bot.py:62]
2025-08-25 06:55:26,364 - bot_runner - INFO - SOCIAL MEDIA BOT - DEBUG STARTUP - [run_bot.py:258]
2025-08-25 06:55:26,364 - bot_runner - INFO - ================================================================================ - [run_bot.py:259]
2025-08-25 06:55:26,365 - bot_runner - INFO - Python: 3.13.7 (tags/v3.13.7:bcee1c3, Aug 14 2025, 14:15:11) [MSC v.1944 64 bit (AMD64)] - [run_bot.py:260]
2025-08-25 06:55:26,365 - bot_runner - INFO - Working directory: D:\jokes - [run_bot.py:261]
2025-08-25 06:55:26,365 - bot_runner - INFO - Arguments: ['run_bot.py'] - [run_bot.py:262]
2025-08-25 06:55:26,365 - bot_runner - INFO - Phase 1: Testing individual components... - [run_bot.py:266]
2025-08-25 06:55:26,365 - component_tester - INFO - Testing individual components... - [run_bot.py:115]
2025-08-25 06:55:26,365 - component_tester - INFO - Testing basic imports... - [run_bot.py:119]
2025-08-25 06:55:26,390 - component_tester - INFO - ✓ ConfigManager import OK - [run_bot.py:121]
2025-08-25 06:55:26,580 - component_tester - INFO - ✓ Scheduler import OK - [run_bot.py:124]
2025-08-25 06:55:26,580 - component_tester - INFO - ✓ Monitoring import OK - [run_bot.py:127]
2025-08-25 06:55:26,581 - component_tester - INFO - All imports successful - [run_bot.py:129]
2025-08-25 06:55:26,581 - component_tester - INFO - Testing config loading... - [run_bot.py:138]
2025-08-25 06:55:26,581 - component_tester - INFO - Config manager created, loading configs... - [run_bot.py:141]
2025-08-25 06:55:26,581 - component_tester - INFO - ✓ Config loading OK - [run_bot.py:144]
2025-08-25 06:55:26,582 - component_tester - INFO - Testing component initialization with timeout... - [run_bot.py:152]
2025-08-25 06:55:26,582 - component_tester - INFO - Initializing scheduler... - [run_bot.py:155]
